# JRE version: OpenJDK Runtime Environment Temurin-17.0.5+8 (17.0.5+8) (build 17.0.5+8)
# Java VM: OpenJDK 64-Bit Server VM Temurin-17.0.5+8 (17.0.5+8, mixed mode, emulated-client, tiered, compressed oops, compressed class ptrs, g1 gc, windows-amd64)
GC Precious Log:
 CPUs: 8 total, 8 available
 Memory: 16344M
 Large Page Support: Disabled
 NUMA Support: Disabled
 Compressed Oops: Enabled (Zero based)
 Heap Region Size: 2M
 Heap Min Capacity: 8M
 Heap Initial Capacity: 256M
 Heap Max Capacity: 4088M
 Pre-touch: Disabled
 Parallel Workers: 8
 Concurrent Workers: 2
 Concurrent Refinement Workers: 8
 Periodic GC: Disabled
Heap:
 garbage-first heap   total 96256K, used 26899K [0x0000000700800000, 0x0000000800000000)
  region size 2048K, 1 young (2048K), 0 survivors (0K)
 Metaspace       used 47227K, committed 47808K, reserved 1097728K
  class space    used 6437K, committed 6720K, reserved 1048576K
GC Heap History (20 events):
Event: 43496.418 GC heap before
{Heap before GC invocations=4097 (full 4069):
 garbage-first heap   total 96256K, used 26899K [0x0000000700800000, 0x0000000800000000)
  region size 2048K, 1 young (2048K), 0 survivors (0K)
 Metaspace       used 47227K, committed 47808K, reserved 1097728K
  class space    used 6437K, committed 6720K, reserved 1048576K
}
Event: 43496.455 GC heap after
{Heap after GC invocations=4098 (full 4070):
 garbage-first heap   total 96256K, used 26899K [0x0000000700800000, 0x0000000800000000)
  region size 2048K, 0 young (0K), 0 survivors (0K)
 Metaspace       used 47227K, committed 47808K, reserved 1097728K
  class space    used 6437K, committed 6720K, reserved 1048576K
}
Event: 43506.704 GC heap before
{Heap before GC invocations=4098 (full 4070):
 garbage-first heap   total 96256K, used 26899K [0x0000000700800000, 0x0000000800000000)
  region size 2048K, 1 young (2048K), 0 survivors (0K)
 Metaspace       used 47227K, committed 47808K, reserved 1097728K
  class space    used 6437K, committed 6720K, reserved 1048576K
}
Event: 43506.749 GC heap after
{Heap after GC invocations=4099 (full 4071):
 garbage-first heap   total 96256K, used 26899K [0x0000000700800000, 0x0000000800000000)
  region size 2048K, 0 young (0K), 0 survivors (0K)
 Metaspace       used 47227K, committed 47808K, reserved 1097728K
  class space    used 6437K, committed 6720K, reserved 1048576K
}
Event: 43516.956 GC heap before
{Heap before GC invocations=4099 (full 4071):
 garbage-first heap   total 96256K, used 26899K [0x0000000700800000, 0x0000000800000000)
  region size 2048K, 1 young (2048K), 0 survivors (0K)
 Metaspace       used 47227K, committed 47808K, reserved 1097728K
  class space    used 6437K, committed 6720K, reserved 1048576K
}
Event: 43516.992 GC heap after
{Heap after GC invocations=4100 (full 4072):
 garbage-first heap   total 96256K, used 26899K [0x0000000700800000, 0x0000000800000000)
  region size 2048K, 0 young (0K), 0 survivors (0K)
 Metaspace       used 47227K, committed 47808K, reserved 1097728K
  class space    used 6437K, committed 6720K, reserved 1048576K
}
Event: 43527.216 GC heap before
{Heap before GC invocations=4100 (full 4072):
 garbage-first heap   total 96256K, used 26899K [0x0000000700800000, 0x0000000800000000)
  region size 2048K, 1 young (2048K), 0 survivors (0K)
 Metaspace       used 47227K, committed 47808K, reserved 1097728K
  class space    used 6437K, committed 6720K, reserved 1048576K
}
Event: 43527.251 GC heap after
{Heap after GC invocations=4101 (full 4073):
 garbage-first heap   total 96256K, used 26899K [0x0000000700800000, 0x0000000800000000)
  region size 2048K, 0 young (0K), 0 survivors (0K)
 Metaspace       used 47227K, committed 47808K, reserved 1097728K
  class space    used 6437K, committed 6720K, reserved 1048576K
}
Event: 43537.485 GC heap before
{Heap before GC invocations=4101 (full 4073):
 garbage-first heap   total 96256K, used 26899K [0x0000000700800000, 0x0000000800000000)
  region size 2048K, 1 young (2048K), 0 survivors (0K)
 Metaspace       used 47227K, committed 47808K, reserved 1097728K
  class space    used 6437K, committed 6720K, reserved 1048576K
}
Event: 43537.525 GC heap after
{Heap after GC invocations=4102 (full 4074):
 garbage-first heap   total 96256K, used 26899K [0x0000000700800000, 0x0000000800000000)
  region size 2048K, 0 young (0K), 0 survivors (0K)
 Metaspace       used 47227K, committed 47808K, reserved 1097728K
  class space    used 6437K, committed 6720K, reserved 1048576K
}
Event: 43547.741 GC heap before
{Heap before GC invocations=4102 (full 4074):
 garbage-first heap   total 96256K, used 26899K [0x0000000700800000, 0x0000000800000000)
  region size 2048K, 1 young (2048K), 0 survivors (0K)
 Metaspace       used 47227K, committed 47808K, reserved 1097728K
  class space    used 6437K, committed 6720K, reserved 1048576K
}
Event: 43547.780 GC heap after
{Heap after GC invocations=4103 (full 4075):
 garbage-first heap   total 96256K, used 26899K [0x0000000700800000, 0x0000000800000000)
  region size 2048K, 0 young (0K), 0 survivors (0K)
 Metaspace       used 47227K, committed 47808K, reserved 1097728K
  class space    used 6437K, committed 6720K, reserved 1048576K
}
Event: 43557.990 GC heap before
{Heap before GC invocations=4103 (full 4075):
 garbage-first heap   total 96256K, used 26899K [0x0000000700800000, 0x0000000800000000)
  region size 2048K, 1 young (2048K), 0 survivors (0K)
 Metaspace       used 47227K, committed 47808K, reserved 1097728K
  class space    used 6437K, committed 6720K, reserved 1048576K
}
Event: 43558.025 GC heap after
{Heap after GC invocations=4104 (full 4076):
 garbage-first heap   total 96256K, used 26899K [0x0000000700800000, 0x0000000800000000)
  region size 2048K, 0 young (0K), 0 survivors (0K)
 Metaspace       used 47227K, committed 47808K, reserved 1097728K
  class space    used 6437K, committed 6720K, reserved 1048576K
}
Event: 43568.256 GC heap before
{Heap before GC invocations=4104 (full 4076):
 garbage-first heap   total 96256K, used 26899K [0x0000000700800000, 0x0000000800000000)
  region size 2048K, 1 young (2048K), 0 survivors (0K)
 Metaspace       used 47227K, committed 47808K, reserved 1097728K
  class space    used 6437K, committed 6720K, reserved 1048576K
}
Event: 43568.302 GC heap after
{Heap after GC invocations=4105 (full 4077):
 garbage-first heap   total 96256K, used 26899K [0x0000000700800000, 0x0000000800000000)
  region size 2048K, 0 young (0K), 0 survivors (0K)
 Metaspace       used 47227K, committed 47808K, reserved 1097728K
  class space    used 6437K, committed 6720K, reserved 1048576K
}
Event: 43578.561 GC heap before
{Heap before GC invocations=4105 (full 4077):
 garbage-first heap   total 96256K, used 26899K [0x0000000700800000, 0x0000000800000000)
  region size 2048K, 1 young (2048K), 0 survivors (0K)
 Metaspace       used 47227K, committed 47808K, reserved 1097728K
  class space    used 6437K, committed 6720K, reserved 1048576K
}
Event: 43578.593 GC heap after
{Heap after GC invocations=4106 (full 4078):
 garbage-first heap   total 96256K, used 26899K [0x0000000700800000, 0x0000000800000000)
  region size 2048K, 0 young (0K), 0 survivors (0K)
 Metaspace       used 47227K, committed 47808K, reserved 1097728K
  class space    used 6437K, committed 6720K, reserved 1048576K
}
Event: 43598.881 GC heap before
{Heap before GC invocations=4106 (full 4078):
 garbage-first heap   total 96256K, used 26899K [0x0000000700800000, 0x0000000800000000)
  region size 2048K, 1 young (2048K), 0 survivors (0K)
 Metaspace       used 47227K, committed 47808K, reserved 1097728K
  class space    used 6437K, committed 6720K, reserved 1048576K
}
Event: 43598.916 GC heap after
{Heap after GC invocations=4107 (full 4079):
 garbage-first heap   total 96256K, used 26899K [0x0000000700800000, 0x0000000800000000)
  region size 2048K, 0 young (0K), 0 survivors (0K)
 Metaspace       used 47227K, committed 47808K, reserved 1097728K
  class space    used 6437K, committed 6720K, reserved 1048576K
}

